<?xml version="1.0" encoding="UTF-8" ?>
<testsuite errors="1" failures="0" hostname="DESKTOP-R6HD2K2" name="dataaccessobject.CodirectorDAOTest" skipped="0" tests="1" time="0.341" timestamp="2023-04-20T05:13:17">
  <properties>
[...]
</properties>
  <testcase classname="dataaccessobject.CodirectorDAOTest" name="testCreateCodirectorSucces" time="0.287">
    <error message="Cannot add or update a child row: a foreign key constraint fails (`proyectofinal`.`codirector`, CONSTRAINT `FK_Profesor_Codirector` FOREIGN KEY (`IdProfesor`) REFERENCES `profesor` (`IdProfesor`))" type="java.sql.SQLIntegrityConstraintViolationException">java.sql.SQLIntegrityConstraintViolationException: Cannot add or update a child row: a foreign key constraint fails (`proyectofinal`.`codirector`, CONSTRAINT `FK_Profesor_Codirector` FOREIGN KEY (`IdProfesor`) REFERENCES `profesor` (`IdProfesor`))
	at com.mysql.cj.jdbc.exceptions.SQLError.createSQLException(SQLError.java:117)
	at com.mysql.cj.jdbc.exceptions.SQLExceptionsMapping.translateException(SQLExceptionsMapping.java:122)
	at com.mysql.cj.jdbc.ClientPreparedStatement.executeInternal(ClientPreparedStatement.java:916)
	at com.mysql.cj.jdbc.ClientPreparedStatement.executeUpdateInternal(ClientPreparedStatement.java:1061)
	at com.mysql.cj.jdbc.ClientPreparedStatement.executeUpdateInternal(ClientPreparedStatement.java:1009)
	at com.mysql.cj.jdbc.ClientPreparedStatement.executeLargeUpdate(ClientPreparedStatement.java:1320)
	at com.mysql.cj.jdbc.ClientPreparedStatement.executeUpdate(ClientPreparedStatement.java:994)
	at dataaccessobject.CodirectorDAO.createCodirector(CodirectorDAO.java:28)
	at dataaccessobject.CodirectorDAOTest.testCreateCodirectorSucces(CodirectorDAOTest.java:52)
	at java.base/jdk.internal.reflect.NativeMethodAccessorImpl.invoke0(Native Method)
	at java.base/jdk.internal.reflect.NativeMethodAccessorImpl.invoke(NativeMethodAccessorImpl.java:77)
	at java.base/jdk.internal.reflect.DelegatingMethodAccessorImpl.invoke(DelegatingMethodAccessorImpl.java:43)
</error>
  </testcase>
  <system-out><![CDATA[createCodirector
]]></system-out>
  <system-err><![CDATA[]]></system-err>
</testsuite>
